[0.365s] DEBUG:colcon:Command line arguments: ['/usr/bin/colcon', 'build', '--symlink-install']
[0.365s] DEBUG:colcon:Parsed command line arguments: Namespace(log_base=None, log_level=None, verb_name='build', build_base='build', install_base='install', merge_install=False, symlink_install=True, test_result_base=None, continue_on_error=False, executor='parallel', parallel_workers=16, event_handlers=None, ignore_user_meta=False, metas=['./colcon.meta'], base_paths=['.'], packages_ignore=None, packages_ignore_regex=None, paths=None, packages_up_to=None, packages_up_to_regex=None, packages_above=None, packages_above_and_dependencies=None, packages_above_depth=None, packages_select_by_dep=None, packages_skip_by_dep=None, packages_skip_up_to=None, packages_select_build_failed=False, packages_skip_build_finished=False, packages_select_test_failures=False, packages_skip_test_passed=False, packages_select=None, packages_skip=None, packages_select_regex=None, packages_skip_regex=None, packages_start=None, packages_end=None, cmake_args=None, cmake_target=None, cmake_target_skip_unavailable=False, cmake_clean_cache=False, cmake_clean_first=False, cmake_force_configure=False, ament_cmake_args=None, catkin_cmake_args=None, catkin_skip_building_tests=False, verb_parser=<colcon_defaults.argument_parser.defaults.DefaultArgumentsDecorator object at 0x7ff4e73207f0>, verb_extension=<colcon_core.verb.build.BuildVerb object at 0x7ff4e73a4970>, main=<bound method BuildVerb.main of <colcon_core.verb.build.BuildVerb object at 0x7ff4e73a4970>>)
[0.383s] Level 1:colcon.colcon_core.package_discovery:discover_packages(colcon_meta) check parameters
[0.383s] Level 1:colcon.colcon_core.package_discovery:discover_packages(recursive) check parameters
[0.383s] Level 1:colcon.colcon_core.package_discovery:discover_packages(ignore) check parameters
[0.383s] Level 1:colcon.colcon_core.package_discovery:discover_packages(path) check parameters
[0.383s] Level 1:colcon.colcon_core.package_discovery:discover_packages(colcon_meta) discover
[0.383s] Level 1:colcon.colcon_core.package_discovery:discover_packages(recursive) discover
[0.383s] INFO:colcon.colcon_core.package_discovery:Crawling recursively for packages in '/home/amd/src/ros2_ws/src/Limo'
[0.384s] Level 1:colcon.colcon_core.package_identification:_identify(.) by extensions ['ignore', 'ignore_ament_install']
[0.384s] Level 1:colcon.colcon_core.package_identification:_identify(.) by extension 'ignore'
[0.384s] Level 1:colcon.colcon_core.package_identification:_identify(.) by extension 'ignore_ament_install'
[0.384s] Level 1:colcon.colcon_core.package_identification:_identify(.) by extensions ['colcon_pkg']
[0.384s] Level 1:colcon.colcon_core.package_identification:_identify(.) by extension 'colcon_pkg'
[0.384s] Level 1:colcon.colcon_core.package_identification:_identify(.) by extensions ['colcon_meta']
[0.384s] Level 1:colcon.colcon_core.package_identification:_identify(.) by extension 'colcon_meta'
[0.384s] Level 1:colcon.colcon_core.package_identification:_identify(.) by extensions ['ros']
[0.384s] Level 1:colcon.colcon_core.package_identification:_identify(.) by extension 'ros'
[0.389s] Level 1:colcon.colcon_core.package_identification:_identify(.) by extensions ['cmake', 'python']
[0.389s] Level 1:colcon.colcon_core.package_identification:_identify(.) by extension 'cmake'
[0.390s] Level 1:colcon.colcon_core.package_identification:_identify(.) by extension 'python'
[0.390s] Level 1:colcon.colcon_core.package_identification:_identify(.) by extensions ['python_setup_py']
[0.390s] Level 1:colcon.colcon_core.package_identification:_identify(.) by extension 'python_setup_py'
[0.390s] Level 1:colcon.colcon_core.package_identification:_identify(assignment_template) by extensions ['ignore', 'ignore_ament_install']
[0.390s] Level 1:colcon.colcon_core.package_identification:_identify(assignment_template) by extension 'ignore'
[0.390s] Level 1:colcon.colcon_core.package_identification:_identify(assignment_template) by extension 'ignore_ament_install'
[0.390s] Level 1:colcon.colcon_core.package_identification:_identify(assignment_template) by extensions ['colcon_pkg']
[0.390s] Level 1:colcon.colcon_core.package_identification:_identify(assignment_template) by extension 'colcon_pkg'
[0.390s] Level 1:colcon.colcon_core.package_identification:_identify(assignment_template) by extensions ['colcon_meta']
[0.390s] Level 1:colcon.colcon_core.package_identification:_identify(assignment_template) by extension 'colcon_meta'
[0.390s] Level 1:colcon.colcon_core.package_identification:_identify(assignment_template) by extensions ['ros']
[0.390s] Level 1:colcon.colcon_core.package_identification:_identify(assignment_template) by extension 'ros'
[0.391s] DEBUG:colcon.colcon_core.package_identification:Package 'assignment_template' with type 'ros.ament_python' and name 'assignment_template'
[0.391s] Level 1:colcon.colcon_core.package_identification:_identify(build) by extensions ['ignore', 'ignore_ament_install']
[0.391s] Level 1:colcon.colcon_core.package_identification:_identify(build) by extension 'ignore'
[0.391s] Level 1:colcon.colcon_core.package_identification:_identify(build) ignored
[0.391s] Level 1:colcon.colcon_core.package_identification:_identify(install) by extensions ['ignore', 'ignore_ament_install']
[0.391s] Level 1:colcon.colcon_core.package_identification:_identify(install) by extension 'ignore'
[0.391s] Level 1:colcon.colcon_core.package_identification:_identify(install) ignored
[0.391s] Level 1:colcon.colcon_core.package_identification:_identify(log) by extensions ['ignore', 'ignore_ament_install']
[0.391s] Level 1:colcon.colcon_core.package_identification:_identify(log) by extension 'ignore'
[0.391s] Level 1:colcon.colcon_core.package_identification:_identify(log) ignored
[0.391s] Level 1:colcon.colcon_core.package_discovery:discover_packages(recursive) using defaults
[0.391s] Level 1:colcon.colcon_core.package_discovery:discover_packages(ignore) discover
[0.391s] Level 1:colcon.colcon_core.package_discovery:discover_packages(ignore) using defaults
[0.391s] Level 1:colcon.colcon_core.package_discovery:discover_packages(path) discover
[0.391s] Level 1:colcon.colcon_core.package_discovery:discover_packages(path) using defaults
[0.421s] Level 5:colcon.colcon_core.verb:set package 'assignment_template' build argument 'cmake_args' from command line to 'None'
[0.421s] Level 5:colcon.colcon_core.verb:set package 'assignment_template' build argument 'cmake_target' from command line to 'None'
[0.421s] Level 5:colcon.colcon_core.verb:set package 'assignment_template' build argument 'cmake_target_skip_unavailable' from command line to 'False'
[0.421s] Level 5:colcon.colcon_core.verb:set package 'assignment_template' build argument 'cmake_clean_cache' from command line to 'False'
[0.421s] Level 5:colcon.colcon_core.verb:set package 'assignment_template' build argument 'cmake_clean_first' from command line to 'False'
[0.421s] Level 5:colcon.colcon_core.verb:set package 'assignment_template' build argument 'cmake_force_configure' from command line to 'False'
[0.421s] Level 5:colcon.colcon_core.verb:set package 'assignment_template' build argument 'ament_cmake_args' from command line to 'None'
[0.421s] Level 5:colcon.colcon_core.verb:set package 'assignment_template' build argument 'catkin_cmake_args' from command line to 'None'
[0.421s] Level 5:colcon.colcon_core.verb:set package 'assignment_template' build argument 'catkin_skip_building_tests' from command line to 'False'
[0.421s] DEBUG:colcon.colcon_core.verb:Building package 'assignment_template' with the following arguments: {'ament_cmake_args': None, 'build_base': '/home/amd/src/ros2_ws/src/Limo/build/assignment_template', 'catkin_cmake_args': None, 'catkin_skip_building_tests': False, 'cmake_args': None, 'cmake_clean_cache': False, 'cmake_clean_first': False, 'cmake_force_configure': False, 'cmake_target': None, 'cmake_target_skip_unavailable': False, 'install_base': '/home/amd/src/ros2_ws/src/Limo/install/assignment_template', 'merge_install': False, 'path': '/home/amd/src/ros2_ws/src/Limo/assignment_template', 'symlink_install': True, 'test_result_base': None}
[0.426s] INFO:colcon.colcon_core.executor:Executing jobs using 'parallel' executor
[0.431s] DEBUG:colcon.colcon_parallel_executor.executor.parallel:run_until_complete
[0.432s] INFO:colcon.colcon_ros.task.ament_python.build:Building ROS package in '/home/amd/src/ros2_ws/src/Limo/assignment_template' with build type 'ament_python'
[0.432s] Level 1:colcon.colcon_core.shell:create_environment_hook('assignment_template', 'ament_prefix_path')
[0.438s] INFO:colcon.colcon_core.plugin_system:Skipping extension 'colcon_core.shell.bat': Not used on non-Windows systems
[0.438s] INFO:colcon.colcon_core.shell:Creating environment hook '/home/amd/src/ros2_ws/src/Limo/install/assignment_template/share/assignment_template/hook/ament_prefix_path.ps1'
[0.438s] INFO:colcon.colcon_core.shell:Creating environment descriptor '/home/amd/src/ros2_ws/src/Limo/install/assignment_template/share/assignment_template/hook/ament_prefix_path.dsv'
[0.438s] INFO:colcon.colcon_core.shell:Creating environment hook '/home/amd/src/ros2_ws/src/Limo/install/assignment_template/share/assignment_template/hook/ament_prefix_path.sh'
[0.444s] INFO:colcon.colcon_core.shell:Skip shell extension 'powershell' for command environment: Not usable outside of PowerShell
[0.444s] DEBUG:colcon.colcon_core.shell:Skip shell extension 'dsv' for command environment
[0.578s] INFO:colcon.colcon_core.task.python.build:Building Python package in '/home/amd/src/ros2_ws/src/Limo/assignment_template'
[0.584s] INFO:colcon.colcon_core.shell:Skip shell extension 'powershell' for command environment: Not usable outside of PowerShell
[0.584s] DEBUG:colcon.colcon_core.shell:Skip shell extension 'dsv' for command environment
[0.751s] DEBUG:colcon.colcon_core.event_handler.log_command:Invoking command in '/home/amd/src/ros2_ws/src/Limo/build/assignment_template': PYTHONPATH=/home/amd/src/ros2_ws/src/Limo/build/assignment_template/prefix_override:/home/amd/src/ros2_ws/src/Limo/install/assignment_template/lib/python3.10/site-packages:${PYTHONPATH} /usr/bin/python3 setup.py develop --editable --build-directory /home/amd/src/ros2_ws/src/Limo/build/assignment_template/build --no-deps install_data
[0.939s] Level 1:colcon.colcon_core.shell:create_environment_hook('assignment_template', 'pythonpath_develop')
[0.939s] DEBUG:colcon.colcon_core.event_handler.log_command:Invoked command in '/home/amd/src/ros2_ws/src/Limo/build/assignment_template' returned '0': PYTHONPATH=/home/amd/src/ros2_ws/src/Limo/build/assignment_template/prefix_override:/home/amd/src/ros2_ws/src/Limo/install/assignment_template/lib/python3.10/site-packages:${PYTHONPATH} /usr/bin/python3 setup.py develop --editable --build-directory /home/amd/src/ros2_ws/src/Limo/build/assignment_template/build --no-deps install_data
[0.945s] INFO:colcon.colcon_core.shell:Creating environment hook '/home/amd/src/ros2_ws/src/Limo/build/assignment_template/share/assignment_template/hook/pythonpath_develop.ps1'
[0.945s] INFO:colcon.colcon_core.shell:Creating environment descriptor '/home/amd/src/ros2_ws/src/Limo/build/assignment_template/share/assignment_template/hook/pythonpath_develop.dsv'
[0.945s] INFO:colcon.colcon_core.shell:Creating environment hook '/home/amd/src/ros2_ws/src/Limo/build/assignment_template/share/assignment_template/hook/pythonpath_develop.sh'
[0.951s] Level 1:colcon.colcon_core.environment:checking '/home/amd/src/ros2_ws/src/Limo/install/assignment_template' for CMake module files
[0.952s] Level 1:colcon.colcon_core.environment:checking '/home/amd/src/ros2_ws/src/Limo/install/assignment_template' for CMake config files
[0.952s] Level 1:colcon.colcon_core.environment:checking '/home/amd/src/ros2_ws/src/Limo/install/assignment_template/lib'
[0.952s] Level 1:colcon.colcon_core.environment:checking '/home/amd/src/ros2_ws/src/Limo/install/assignment_template/bin'
[0.952s] Level 1:colcon.colcon_core.environment:checking '/home/amd/src/ros2_ws/src/Limo/install/assignment_template/lib/pkgconfig/assignment_template.pc'
[0.952s] Level 1:colcon.colcon_core.environment:checking '/home/amd/src/ros2_ws/src/Limo/install/assignment_template/lib/python3.10/site-packages'
[0.952s] Level 1:colcon.colcon_core.shell:create_environment_hook('assignment_template', 'pythonpath')
[0.957s] INFO:colcon.colcon_core.shell:Creating environment hook '/home/amd/src/ros2_ws/src/Limo/install/assignment_template/share/assignment_template/hook/pythonpath.ps1'
[0.958s] INFO:colcon.colcon_core.shell:Creating environment descriptor '/home/amd/src/ros2_ws/src/Limo/install/assignment_template/share/assignment_template/hook/pythonpath.dsv'
[0.958s] INFO:colcon.colcon_core.shell:Creating environment hook '/home/amd/src/ros2_ws/src/Limo/install/assignment_template/share/assignment_template/hook/pythonpath.sh'
[0.958s] Level 1:colcon.colcon_core.environment:checking '/home/amd/src/ros2_ws/src/Limo/install/assignment_template/bin'
[0.958s] Level 1:colcon.colcon_core.environment:create_environment_scripts_only(assignment_template)
[0.963s] INFO:colcon.colcon_core.shell:Creating package script '/home/amd/src/ros2_ws/src/Limo/install/assignment_template/share/assignment_template/package.ps1'
[0.964s] INFO:colcon.colcon_core.shell:Creating package descriptor '/home/amd/src/ros2_ws/src/Limo/install/assignment_template/share/assignment_template/package.dsv'
[0.964s] INFO:colcon.colcon_core.shell:Creating package script '/home/amd/src/ros2_ws/src/Limo/install/assignment_template/share/assignment_template/package.sh'
[0.964s] INFO:colcon.colcon_core.shell:Creating package script '/home/amd/src/ros2_ws/src/Limo/install/assignment_template/share/assignment_template/package.bash'
[0.964s] INFO:colcon.colcon_core.shell:Creating package script '/home/amd/src/ros2_ws/src/Limo/install/assignment_template/share/assignment_template/package.zsh'
[0.965s] Level 1:colcon.colcon_core.environment:create_file_with_runtime_dependencies(/home/amd/src/ros2_ws/src/Limo/install/assignment_template/share/colcon-core/packages/assignment_template)
[0.965s] DEBUG:colcon.colcon_parallel_executor.executor.parallel:closing loop
[0.965s] DEBUG:colcon.colcon_parallel_executor.executor.parallel:loop closed
[0.965s] DEBUG:colcon.colcon_parallel_executor.executor.parallel:run_until_complete finished with '0'
[0.965s] DEBUG:colcon.colcon_core.event_reactor:joining thread
[0.973s] INFO:colcon.colcon_core.plugin_system:Skipping extension 'colcon_notification.desktop_notification.terminal_notifier': Not used on non-Darwin systems
[0.973s] INFO:colcon.colcon_core.plugin_system:Skipping extension 'colcon_notification.desktop_notification.win32': Not used on non-Windows systems
[0.973s] INFO:colcon.colcon_notification.desktop_notification:Sending desktop notification using 'notify2'
[0.979s] DEBUG:colcon.colcon_core.event_reactor:joined thread
[0.984s] INFO:colcon.colcon_core.shell:Creating prefix script '/home/amd/src/ros2_ws/src/Limo/install/local_setup.ps1'
[0.985s] INFO:colcon.colcon_core.shell:Creating prefix util module '/home/amd/src/ros2_ws/src/Limo/install/_local_setup_util_ps1.py'
[0.986s] INFO:colcon.colcon_core.shell:Creating prefix chain script '/home/amd/src/ros2_ws/src/Limo/install/setup.ps1'
[0.992s] INFO:colcon.colcon_core.shell:Creating prefix script '/home/amd/src/ros2_ws/src/Limo/install/local_setup.sh'
[0.992s] INFO:colcon.colcon_core.shell:Creating prefix util module '/home/amd/src/ros2_ws/src/Limo/install/_local_setup_util_sh.py'
[0.992s] INFO:colcon.colcon_core.shell:Creating prefix chain script '/home/amd/src/ros2_ws/src/Limo/install/setup.sh'
[0.998s] INFO:colcon.colcon_core.shell:Creating prefix script '/home/amd/src/ros2_ws/src/Limo/install/local_setup.bash'
[0.999s] INFO:colcon.colcon_core.shell:Creating prefix chain script '/home/amd/src/ros2_ws/src/Limo/install/setup.bash'
[1.004s] INFO:colcon.colcon_core.shell:Creating prefix script '/home/amd/src/ros2_ws/src/Limo/install/local_setup.zsh'
[1.005s] INFO:colcon.colcon_core.shell:Creating prefix chain script '/home/amd/src/ros2_ws/src/Limo/install/setup.zsh'
