[0.448s] DEBUG:colcon:Command line arguments: ['/usr/bin/colcon', 'build']
[0.448s] DEBUG:colcon:Parsed command line arguments: Namespace(log_base=None, log_level=None, verb_name='build', build_base='build', install_base='install', merge_install=False, symlink_install=False, test_result_base=None, continue_on_error=False, executor='parallel', parallel_workers=16, event_handlers=None, ignore_user_meta=False, metas=['./colcon.meta'], base_paths=['.'], packages_ignore=None, packages_ignore_regex=None, paths=None, packages_up_to=None, packages_up_to_regex=None, packages_above=None, packages_above_and_dependencies=None, packages_above_depth=None, packages_select_by_dep=None, packages_skip_by_dep=None, packages_skip_up_to=None, packages_select_build_failed=False, packages_skip_build_finished=False, packages_select_test_failures=False, packages_skip_test_passed=False, packages_select=None, packages_skip=None, packages_select_regex=None, packages_skip_regex=None, packages_start=None, packages_end=None, cmake_args=None, cmake_target=None, cmake_target_skip_unavailable=False, cmake_clean_cache=False, cmake_clean_first=False, cmake_force_configure=False, ament_cmake_args=None, catkin_cmake_args=None, catkin_skip_building_tests=False, verb_parser=<colcon_defaults.argument_parser.defaults.DefaultArgumentsDecorator object at 0x7f686c2a7310>, verb_extension=<colcon_core.verb.build.BuildVerb object at 0x7f686c509060>, main=<bound method BuildVerb.main of <colcon_core.verb.build.BuildVerb object at 0x7f686c509060>>)
[0.470s] Level 1:colcon.colcon_core.package_discovery:discover_packages(colcon_meta) check parameters
[0.470s] Level 1:colcon.colcon_core.package_discovery:discover_packages(recursive) check parameters
[0.471s] Level 1:colcon.colcon_core.package_discovery:discover_packages(ignore) check parameters
[0.471s] Level 1:colcon.colcon_core.package_discovery:discover_packages(path) check parameters
[0.471s] Level 1:colcon.colcon_core.package_discovery:discover_packages(colcon_meta) discover
[0.471s] Level 1:colcon.colcon_core.package_discovery:discover_packages(recursive) discover
[0.471s] INFO:colcon.colcon_core.package_discovery:Crawling recursively for packages in '/home/amd/src/ros2_ws/src/Limo'
[0.471s] Level 1:colcon.colcon_core.package_identification:_identify(.) by extensions ['ignore', 'ignore_ament_install']
[0.471s] Level 1:colcon.colcon_core.package_identification:_identify(.) by extension 'ignore'
[0.471s] Level 1:colcon.colcon_core.package_identification:_identify(.) by extension 'ignore_ament_install'
[0.471s] Level 1:colcon.colcon_core.package_identification:_identify(.) by extensions ['colcon_pkg']
[0.471s] Level 1:colcon.colcon_core.package_identification:_identify(.) by extension 'colcon_pkg'
[0.471s] Level 1:colcon.colcon_core.package_identification:_identify(.) by extensions ['colcon_meta']
[0.471s] Level 1:colcon.colcon_core.package_identification:_identify(.) by extension 'colcon_meta'
[0.471s] Level 1:colcon.colcon_core.package_identification:_identify(.) by extensions ['ros']
[0.471s] Level 1:colcon.colcon_core.package_identification:_identify(.) by extension 'ros'
[0.477s] Level 1:colcon.colcon_core.package_identification:_identify(.) by extensions ['cmake', 'python']
[0.477s] Level 1:colcon.colcon_core.package_identification:_identify(.) by extension 'cmake'
[0.477s] Level 1:colcon.colcon_core.package_identification:_identify(.) by extension 'python'
[0.477s] Level 1:colcon.colcon_core.package_identification:_identify(.) by extensions ['python_setup_py']
[0.477s] Level 1:colcon.colcon_core.package_identification:_identify(.) by extension 'python_setup_py'
[0.478s] Level 1:colcon.colcon_core.package_identification:_identify(assignment_template) by extensions ['ignore', 'ignore_ament_install']
[0.478s] Level 1:colcon.colcon_core.package_identification:_identify(assignment_template) by extension 'ignore'
[0.478s] Level 1:colcon.colcon_core.package_identification:_identify(assignment_template) by extension 'ignore_ament_install'
[0.478s] Level 1:colcon.colcon_core.package_identification:_identify(assignment_template) by extensions ['colcon_pkg']
[0.478s] Level 1:colcon.colcon_core.package_identification:_identify(assignment_template) by extension 'colcon_pkg'
[0.478s] Level 1:colcon.colcon_core.package_identification:_identify(assignment_template) by extensions ['colcon_meta']
[0.478s] Level 1:colcon.colcon_core.package_identification:_identify(assignment_template) by extension 'colcon_meta'
[0.478s] Level 1:colcon.colcon_core.package_identification:_identify(assignment_template) by extensions ['ros']
[0.478s] Level 1:colcon.colcon_core.package_identification:_identify(assignment_template) by extension 'ros'
[0.479s] DEBUG:colcon.colcon_core.package_identification:Package 'assignment_template' with type 'ros.ament_python' and name 'assignment_template'
[0.479s] Level 1:colcon.colcon_core.package_identification:_identify(build) by extensions ['ignore', 'ignore_ament_install']
[0.479s] Level 1:colcon.colcon_core.package_identification:_identify(build) by extension 'ignore'
[0.479s] Level 1:colcon.colcon_core.package_identification:_identify(build) ignored
[0.479s] Level 1:colcon.colcon_core.package_identification:_identify(install) by extensions ['ignore', 'ignore_ament_install']
[0.480s] Level 1:colcon.colcon_core.package_identification:_identify(install) by extension 'ignore'
[0.480s] Level 1:colcon.colcon_core.package_identification:_identify(install) ignored
[0.480s] Level 1:colcon.colcon_core.package_identification:_identify(log) by extensions ['ignore', 'ignore_ament_install']
[0.480s] Level 1:colcon.colcon_core.package_identification:_identify(log) by extension 'ignore'
[0.480s] Level 1:colcon.colcon_core.package_identification:_identify(log) ignored
[0.480s] Level 1:colcon.colcon_core.package_discovery:discover_packages(recursive) using defaults
[0.480s] Level 1:colcon.colcon_core.package_discovery:discover_packages(ignore) discover
[0.480s] Level 1:colcon.colcon_core.package_discovery:discover_packages(ignore) using defaults
[0.480s] Level 1:colcon.colcon_core.package_discovery:discover_packages(path) discover
[0.480s] Level 1:colcon.colcon_core.package_discovery:discover_packages(path) using defaults
[0.517s] Level 5:colcon.colcon_core.verb:set package 'assignment_template' build argument 'cmake_args' from command line to 'None'
[0.518s] Level 5:colcon.colcon_core.verb:set package 'assignment_template' build argument 'cmake_target' from command line to 'None'
[0.518s] Level 5:colcon.colcon_core.verb:set package 'assignment_template' build argument 'cmake_target_skip_unavailable' from command line to 'False'
[0.518s] Level 5:colcon.colcon_core.verb:set package 'assignment_template' build argument 'cmake_clean_cache' from command line to 'False'
[0.518s] Level 5:colcon.colcon_core.verb:set package 'assignment_template' build argument 'cmake_clean_first' from command line to 'False'
[0.518s] Level 5:colcon.colcon_core.verb:set package 'assignment_template' build argument 'cmake_force_configure' from command line to 'False'
[0.518s] Level 5:colcon.colcon_core.verb:set package 'assignment_template' build argument 'ament_cmake_args' from command line to 'None'
[0.518s] Level 5:colcon.colcon_core.verb:set package 'assignment_template' build argument 'catkin_cmake_args' from command line to 'None'
[0.518s] Level 5:colcon.colcon_core.verb:set package 'assignment_template' build argument 'catkin_skip_building_tests' from command line to 'False'
[0.518s] DEBUG:colcon.colcon_core.verb:Building package 'assignment_template' with the following arguments: {'ament_cmake_args': None, 'build_base': '/home/amd/src/ros2_ws/src/Limo/build/assignment_template', 'catkin_cmake_args': None, 'catkin_skip_building_tests': False, 'cmake_args': None, 'cmake_clean_cache': False, 'cmake_clean_first': False, 'cmake_force_configure': False, 'cmake_target': None, 'cmake_target_skip_unavailable': False, 'install_base': '/home/amd/src/ros2_ws/src/Limo/install/assignment_template', 'merge_install': False, 'path': '/home/amd/src/ros2_ws/src/Limo/assignment_template', 'symlink_install': False, 'test_result_base': None}
[0.523s] INFO:colcon.colcon_core.executor:Executing jobs using 'parallel' executor
[0.530s] DEBUG:colcon.colcon_parallel_executor.executor.parallel:run_until_complete
[0.531s] INFO:colcon.colcon_ros.task.ament_python.build:Building ROS package in '/home/amd/src/ros2_ws/src/Limo/assignment_template' with build type 'ament_python'
[0.531s] Level 1:colcon.colcon_core.shell:create_environment_hook('assignment_template', 'ament_prefix_path')
[0.538s] INFO:colcon.colcon_core.plugin_system:Skipping extension 'colcon_core.shell.bat': Not used on non-Windows systems
[0.538s] INFO:colcon.colcon_core.shell:Creating environment hook '/home/amd/src/ros2_ws/src/Limo/install/assignment_template/share/assignment_template/hook/ament_prefix_path.ps1'
[0.538s] INFO:colcon.colcon_core.shell:Creating environment descriptor '/home/amd/src/ros2_ws/src/Limo/install/assignment_template/share/assignment_template/hook/ament_prefix_path.dsv'
[0.538s] INFO:colcon.colcon_core.shell:Creating environment hook '/home/amd/src/ros2_ws/src/Limo/install/assignment_template/share/assignment_template/hook/ament_prefix_path.sh'
[0.545s] INFO:colcon.colcon_core.shell:Skip shell extension 'powershell' for command environment: Not usable outside of PowerShell
[0.545s] DEBUG:colcon.colcon_core.shell:Skip shell extension 'dsv' for command environment
[0.702s] INFO:colcon.colcon_core.task.python.build:Building Python package in '/home/amd/src/ros2_ws/src/Limo/assignment_template'
[0.710s] INFO:colcon.colcon_core.shell:Skip shell extension 'powershell' for command environment: Not usable outside of PowerShell
[0.710s] DEBUG:colcon.colcon_core.shell:Skip shell extension 'dsv' for command environment
[0.909s] DEBUG:colcon.colcon_core.event_handler.log_command:Invoking command in '/home/amd/src/ros2_ws/src/Limo/assignment_template': PYTHONPATH=/home/amd/src/ros2_ws/src/Limo/build/assignment_template/prefix_override:/home/amd/src/ros2_ws/src/Limo/install/assignment_template/lib/python3.10/site-packages:${PYTHONPATH} /usr/bin/python3 setup.py egg_info --egg-base ../build/assignment_template build --build-base /home/amd/src/ros2_ws/src/Limo/build/assignment_template/build install --record /home/amd/src/ros2_ws/src/Limo/build/assignment_template/install.log --single-version-externally-managed
[1.075s] DEBUG:colcon.colcon_core.event_handler.log_command:Invoked command in '/home/amd/src/ros2_ws/src/Limo/assignment_template' returned '0': PYTHONPATH=/home/amd/src/ros2_ws/src/Limo/build/assignment_template/prefix_override:/home/amd/src/ros2_ws/src/Limo/install/assignment_template/lib/python3.10/site-packages:${PYTHONPATH} /usr/bin/python3 setup.py egg_info --egg-base ../build/assignment_template build --build-base /home/amd/src/ros2_ws/src/Limo/build/assignment_template/build install --record /home/amd/src/ros2_ws/src/Limo/build/assignment_template/install.log --single-version-externally-managed
[1.086s] Level 1:colcon.colcon_core.environment:checking '/home/amd/src/ros2_ws/src/Limo/install/assignment_template' for CMake module files
[1.086s] Level 1:colcon.colcon_core.environment:checking '/home/amd/src/ros2_ws/src/Limo/install/assignment_template' for CMake config files
[1.087s] Level 1:colcon.colcon_core.environment:checking '/home/amd/src/ros2_ws/src/Limo/install/assignment_template/lib'
[1.087s] Level 1:colcon.colcon_core.environment:checking '/home/amd/src/ros2_ws/src/Limo/install/assignment_template/bin'
[1.087s] Level 1:colcon.colcon_core.environment:checking '/home/amd/src/ros2_ws/src/Limo/install/assignment_template/lib/pkgconfig/assignment_template.pc'
[1.087s] Level 1:colcon.colcon_core.environment:checking '/home/amd/src/ros2_ws/src/Limo/install/assignment_template/lib/python3.10/site-packages'
[1.087s] Level 1:colcon.colcon_core.shell:create_environment_hook('assignment_template', 'pythonpath')
[1.093s] INFO:colcon.colcon_core.shell:Creating environment hook '/home/amd/src/ros2_ws/src/Limo/install/assignment_template/share/assignment_template/hook/pythonpath.ps1'
[1.094s] INFO:colcon.colcon_core.shell:Creating environment descriptor '/home/amd/src/ros2_ws/src/Limo/install/assignment_template/share/assignment_template/hook/pythonpath.dsv'
[1.094s] INFO:colcon.colcon_core.shell:Creating environment hook '/home/amd/src/ros2_ws/src/Limo/install/assignment_template/share/assignment_template/hook/pythonpath.sh'
[1.094s] Level 1:colcon.colcon_core.environment:checking '/home/amd/src/ros2_ws/src/Limo/install/assignment_template/bin'
[1.094s] Level 1:colcon.colcon_core.environment:create_environment_scripts_only(assignment_template)
[1.101s] INFO:colcon.colcon_core.shell:Creating package script '/home/amd/src/ros2_ws/src/Limo/install/assignment_template/share/assignment_template/package.ps1'
[1.102s] INFO:colcon.colcon_core.shell:Creating package descriptor '/home/amd/src/ros2_ws/src/Limo/install/assignment_template/share/assignment_template/package.dsv'
[1.102s] INFO:colcon.colcon_core.shell:Creating package script '/home/amd/src/ros2_ws/src/Limo/install/assignment_template/share/assignment_template/package.sh'
[1.102s] INFO:colcon.colcon_core.shell:Creating package script '/home/amd/src/ros2_ws/src/Limo/install/assignment_template/share/assignment_template/package.bash'
[1.103s] INFO:colcon.colcon_core.shell:Creating package script '/home/amd/src/ros2_ws/src/Limo/install/assignment_template/share/assignment_template/package.zsh'
[1.103s] Level 1:colcon.colcon_core.environment:create_file_with_runtime_dependencies(/home/amd/src/ros2_ws/src/Limo/install/assignment_template/share/colcon-core/packages/assignment_template)
[1.104s] DEBUG:colcon.colcon_parallel_executor.executor.parallel:closing loop
[1.104s] DEBUG:colcon.colcon_parallel_executor.executor.parallel:loop closed
[1.104s] DEBUG:colcon.colcon_parallel_executor.executor.parallel:run_until_complete finished with '0'
[1.104s] DEBUG:colcon.colcon_core.event_reactor:joining thread
[1.113s] INFO:colcon.colcon_core.plugin_system:Skipping extension 'colcon_notification.desktop_notification.terminal_notifier': Not used on non-Darwin systems
[1.113s] INFO:colcon.colcon_core.plugin_system:Skipping extension 'colcon_notification.desktop_notification.win32': Not used on non-Windows systems
[1.113s] INFO:colcon.colcon_notification.desktop_notification:Sending desktop notification using 'notify2'
[1.120s] DEBUG:colcon.colcon_core.event_reactor:joined thread
[1.131s] INFO:colcon.colcon_core.shell:Creating prefix script '/home/amd/src/ros2_ws/src/Limo/install/local_setup.ps1'
[1.131s] INFO:colcon.colcon_core.shell:Creating prefix util module '/home/amd/src/ros2_ws/src/Limo/install/_local_setup_util_ps1.py'
[1.132s] INFO:colcon.colcon_core.shell:Creating prefix chain script '/home/amd/src/ros2_ws/src/Limo/install/setup.ps1'
[1.149s] INFO:colcon.colcon_core.shell:Creating prefix script '/home/amd/src/ros2_ws/src/Limo/install/local_setup.sh'
[1.150s] INFO:colcon.colcon_core.shell:Creating prefix util module '/home/amd/src/ros2_ws/src/Limo/install/_local_setup_util_sh.py'
[1.151s] INFO:colcon.colcon_core.shell:Creating prefix chain script '/home/amd/src/ros2_ws/src/Limo/install/setup.sh'
[1.160s] INFO:colcon.colcon_core.shell:Creating prefix script '/home/amd/src/ros2_ws/src/Limo/install/local_setup.bash'
[1.160s] INFO:colcon.colcon_core.shell:Creating prefix chain script '/home/amd/src/ros2_ws/src/Limo/install/setup.bash'
[1.167s] INFO:colcon.colcon_core.shell:Creating prefix script '/home/amd/src/ros2_ws/src/Limo/install/local_setup.zsh'
[1.167s] INFO:colcon.colcon_core.shell:Creating prefix chain script '/home/amd/src/ros2_ws/src/Limo/install/setup.zsh'
