[0.310s] Invoking command in '/home/amd/src/ros2_ws/src/Limo/build/assignment_template': PYTHONPATH=/home/amd/src/ros2_ws/src/Limo/build/assignment_template/prefix_override:/home/amd/src/ros2_ws/src/Limo/install/assignment_template/lib/python3.10/site-packages:${PYTHONPATH} /usr/bin/python3 setup.py develop --editable --build-directory /home/amd/src/ros2_ws/src/Limo/build/assignment_template/build --no-deps install_data
[0.423s] running develop
[0.423s] /usr/lib/python3/dist-packages/setuptools/command/easy_install.py:158: EasyInstallDeprecationWarning: easy_install command is deprecated. Use build and pip and other standards-based tools.
[0.423s]   warnings.warn(
[0.423s] /usr/lib/python3/dist-packages/setuptools/command/install.py:34: SetuptoolsDeprecationWarning: setup.py install is deprecated. Use build and pip and other standards-based tools.
[0.423s]   warnings.warn(
[0.484s] running egg_info
[0.485s] creating assignment_template.egg-info
[0.485s] writing assignment_template.egg-info/PKG-INFO
[0.485s] writing dependency_links to assignment_template.egg-info/dependency_links.txt
[0.485s] writing entry points to assignment_template.egg-info/entry_points.txt
[0.485s] writing requirements to assignment_template.egg-info/requires.txt
[0.485s] writing top-level names to assignment_template.egg-info/top_level.txt
[0.485s] writing manifest file 'assignment_template.egg-info/SOURCES.txt'
[0.486s] reading manifest file 'assignment_template.egg-info/SOURCES.txt'
[0.486s] writing manifest file 'assignment_template.egg-info/SOURCES.txt'
[0.486s] running build_ext
[0.487s] Creating /home/amd/src/ros2_ws/src/Limo/install/assignment_template/lib/python3.10/site-packages/assignment-template.egg-link (link to .)
[0.487s] Installing example_nav_to_pose script to /home/amd/src/ros2_ws/src/Limo/install/assignment_template/lib/assignment_template
[0.487s] Installing object_detector script to /home/amd/src/ros2_ws/src/Limo/install/assignment_template/lib/assignment_template
[0.487s] 
[0.487s] Installed /home/amd/src/ros2_ws/src/Limo/build/assignment_template
[0.487s] running install_data
[0.487s] creating /home/amd/src/ros2_ws/src/Limo/install/assignment_template/share/ament_index
[0.487s] creating /home/amd/src/ros2_ws/src/Limo/install/assignment_template/share/ament_index/resource_index
[0.487s] creating /home/amd/src/ros2_ws/src/Limo/install/assignment_template/share/ament_index/resource_index/packages
[0.487s] copying resource/assignment_template -> /home/amd/src/ros2_ws/src/Limo/install/assignment_template/share/ament_index/resource_index/packages
[0.487s] copying package.xml -> /home/amd/src/ros2_ws/src/Limo/install/assignment_template/share/assignment_template
[0.500s] Invoked command in '/home/amd/src/ros2_ws/src/Limo/build/assignment_template' returned '0': PYTHONPATH=/home/amd/src/ros2_ws/src/Limo/build/assignment_template/prefix_override:/home/amd/src/ros2_ws/src/Limo/install/assignment_template/lib/python3.10/site-packages:${PYTHONPATH} /usr/bin/python3 setup.py develop --editable --build-directory /home/amd/src/ros2_ws/src/Limo/build/assignment_template/build --no-deps install_data
